<?xml version="1.0" encoding="UTF-8"?>
<testng-results ignored="0" total="1" passed="1" failed="0" skipped="0">
  <reporter-output>
  </reporter-output>
  <suite started-at="2022-09-30T15:27:18 IST" name="Default suite" finished-at="2022-09-30T15:27:18 IST" duration-ms="128">
    <groups>
    </groups>
    <test started-at="2022-09-30T15:27:18 IST" name="Default test" finished-at="2022-09-30T15:27:18 IST" duration-ms="128">
      <class name="samplejenkin.SampleClass">
        <test-method signature="create()[pri:0, instance:samplejenkin.SampleClass@1afd44cb]" started-at="2022-09-30T15:27:18 IST" name="create" finished-at="2022-09-30T15:27:18 IST" duration-ms="20" status="PASS">
          <reporter-output>
          </reporter-output>
        </test-method> <!-- create -->
      </class> <!-- samplejenkin.SampleClass -->
    </test> <!-- Default test -->
  </suite> <!-- Default suite -->
</testng-results>
